0 info it worked if it ends with ok
1 verbose cli [ '/usr/local/bin/node', '/usr/local/bin/npm', 'run', 'dev' ]
2 info using npm@3.8.9
3 info using node@v6.2.0
4 verbose run-script [ 'predev', 'dev', 'postdev' ]
5 info lifecycle preact-boilerplate@6.0.0~predev: preact-boilerplate@6.0.0
6 silly lifecycle preact-boilerplate@6.0.0~predev: no script for predev, continuing
7 info lifecycle preact-boilerplate@6.0.0~dev: preact-boilerplate@6.0.0
8 verbose lifecycle preact-boilerplate@6.0.0~dev: unsafe-perm in lifecycle true
9 verbose lifecycle preact-boilerplate@6.0.0~dev: PATH: /usr/local/lib/node_modules/npm/bin/node-gyp-bin:/home/barry/code/download-monitor/wp-content/plugins/_download-monitor-new/assets/js/legacy-upgrader/node_modules/.bin:/usr/local/bin:/usr/local/sbin:/usr/local/bin:/usr/sbin:/usr/bin:/sbin:/bin:/usr/games:/usr/local/games:/home/barry/Android/Sdk/platform-tools:/home/barry/Android/Sdk/tools:/home/barry/android-studio/plugins/android/lib:/snap/bin:/usr/lib/jvm/java-8-oracle/bin:/usr/lib/jvm/java-8-oracle/db/bin:/usr/lib/jvm/java-8-oracle/jre/bin:/usr/local/go/bin:vendor/bin
10 verbose lifecycle preact-boilerplate@6.0.0~dev: CWD: /home/barry/code/download-monitor/wp-content/plugins/_download-monitor-new/assets/js/legacy-upgrader
11 silly lifecycle preact-boilerplate@6.0.0~dev: Args: [ '-c',
11 silly lifecycle   'cross-env NODE_ENV=development webpack-dev-server --inline --hot --progress' ]
12 silly lifecycle preact-boilerplate@6.0.0~dev: Returned: code: 1  signal: null
13 info lifecycle preact-boilerplate@6.0.0~dev: Failed to exec dev script
14 verbose stack Error: preact-boilerplate@6.0.0 dev: `cross-env NODE_ENV=development webpack-dev-server --inline --hot --progress`
14 verbose stack Exit status 1
14 verbose stack     at EventEmitter.<anonymous> (/usr/local/lib/node_modules/npm/lib/utils/lifecycle.js:245:16)
14 verbose stack     at emitTwo (events.js:106:13)
14 verbose stack     at EventEmitter.emit (events.js:191:7)
14 verbose stack     at ChildProcess.<anonymous> (/usr/local/lib/node_modules/npm/lib/utils/spawn.js:24:14)
14 verbose stack     at emitTwo (events.js:106:13)
14 verbose stack     at ChildProcess.emit (events.js:191:7)
14 verbose stack     at maybeClose (internal/child_process.js:850:16)
14 verbose stack     at Process.ChildProcess._handle.onexit (internal/child_process.js:215:5)
15 verbose pkgid preact-boilerplate@6.0.0
16 verbose cwd /home/barry/code/download-monitor/wp-content/plugins/_download-monitor-new/assets/js/legacy-upgrader
17 error Linux 4.4.0-101-generic
18 error argv "/usr/local/bin/node" "/usr/local/bin/npm" "run" "dev"
19 error node v6.2.0
20 error npm  v3.8.9
21 error code ELIFECYCLE
22 error preact-boilerplate@6.0.0 dev: `cross-env NODE_ENV=development webpack-dev-server --inline --hot --progress`
22 error Exit status 1
23 error Failed at the preact-boilerplate@6.0.0 dev script 'cross-env NODE_ENV=development webpack-dev-server --inline --hot --progress'.
23 error Make sure you have the latest version of node.js and npm installed.
23 error If you do, this is most likely a problem with the preact-boilerplate package,
23 error not with npm itself.
23 error Tell the author that this fails on your system:
23 error     cross-env NODE_ENV=development webpack-dev-server --inline --hot --progress
23 error You can get information on how to open an issue for this project with:
23 error     npm bugs preact-boilerplate
23 error Or if that isn't available, you can get their info via:
23 error     npm owner ls preact-boilerplate
23 error There is likely additional logging output above.
24 verbose exit [ 1, true ]
